<?xml version="1.0" encoding="UTF-8"?>
<testsuite xmlns:xsi="http://www.w3.org/2001/XMLSchema-instance" xsi:noNamespaceSchemaLocation="https://maven.apache.org/surefire/maven-surefire-plugin/xsd/surefire-test-report-3.0.xsd" version="3.0" name="com.epam.training.munara_narkozieva.tests.LoginTest" time="15.828" tests="6" errors="0" skipped="0" failures="0">
  <properties>
[...]
</properties>
  <testcase name="testEmptyCredentials(String)[1]" classname="com.epam.training.munara_narkozieva.tests.LoginTest" time="3.326">
    <system-out><![CDATA[19:40:15.215 [ForkJoinPool-1-worker-1] DEBUG io.github.bonigarcia.wdm.WebDriverManager -- Using WebDriverManager 5.9.0
19:40:15.486 [ForkJoinPool-1-worker-1] DEBUG io.github.bonigarcia.wdm.cache.ResolutionCache -- Resolution chrome=138 in cache (valid until 19:49:30 05/07/2025 KGT)
19:40:15.487 [ForkJoinPool-1-worker-1] DEBUG io.github.bonigarcia.wdm.cache.ResolutionCache -- Resolution chrome138=138.0.7204.92 in cache (valid until 15:54:21 06/07/2025 KGT)
19:40:15.488 [ForkJoinPool-1-worker-1] INFO io.github.bonigarcia.wdm.WebDriverManager -- Using chromedriver 138.0.7204.92 (resolved driver for Chrome 138)
19:40:15.510 [ForkJoinPool-1-worker-1] DEBUG io.github.bonigarcia.wdm.WebDriverManager -- Driver chromedriver 138.0.7204.92 found in cache
19:40:15.511 [ForkJoinPool-1-worker-1] INFO io.github.bonigarcia.wdm.WebDriverManager -- Exporting webdriver.chrome.driver as /Users/user/.cache/selenium/chromedriver/mac64/138.0.7204.92/chromedriver
Error shown: [Epic sadface: Username is required]
]]></system-out>
    <system-err><![CDATA[Jul 05, 2025 7:40:16 PM org.openqa.selenium.devtools.CdpVersionFinder findNearestMatch
WARNING: Unable to find CDP implementation matching 138
Jul 05, 2025 7:40:16 PM org.openqa.selenium.chromium.ChromiumDriver lambda$new$5
WARNING: Unable to find version of CDP to use for 138.0.7204.92. You may need to include a dependency on a specific version of the CDP using something similar to `org.seleniumhq.selenium:selenium-devtools-v86:4.21.0` where the version ("v86") matches the version of the chromium-based browser you're using and the version number of the artifact is the same as Selenium's.
]]></system-err>
  </testcase>
  <testcase name="testEmptyCredentials(String)[2]" classname="com.epam.training.munara_narkozieva.tests.LoginTest" time="2.553">
    <system-out><![CDATA[19:40:18.467 [ForkJoinPool-1-worker-1] DEBUG io.github.bonigarcia.wdm.WebDriverManager -- Using WebDriverManager 5.9.0
19:40:18.474 [ForkJoinPool-1-worker-1] DEBUG io.github.bonigarcia.wdm.cache.ResolutionCache -- Resolution edge=138 in cache (valid until 19:49:33 05/07/2025 KGT)
19:40:18.475 [ForkJoinPool-1-worker-1] DEBUG io.github.bonigarcia.wdm.cache.ResolutionCache -- Resolution edge138=138.0.3351.65 in cache (valid until 15:54:26 06/07/2025 KGT)
19:40:18.475 [ForkJoinPool-1-worker-1] INFO io.github.bonigarcia.wdm.WebDriverManager -- Using msedgedriver 138.0.3351.65 (resolved driver for Edge 138)
19:40:18.487 [ForkJoinPool-1-worker-1] DEBUG io.github.bonigarcia.wdm.WebDriverManager -- Driver msedgedriver 138.0.3351.65 found in cache
19:40:18.487 [ForkJoinPool-1-worker-1] INFO io.github.bonigarcia.wdm.WebDriverManager -- Exporting webdriver.edge.driver as /Users/user/.cache/selenium/msedgedriver/mac64/138.0.3351.65/msedgedriver
Error shown: [Epic sadface: Username is required]
]]></system-out>
    <system-err><![CDATA[Jul 05, 2025 7:40:19 PM org.openqa.selenium.devtools.CdpVersionFinder findNearestMatch
WARNING: Unable to find CDP implementation matching 138
Jul 05, 2025 7:40:19 PM org.openqa.selenium.chromium.ChromiumDriver lambda$new$5
WARNING: Unable to find version of CDP to use for 138.0.3351.65. You may need to include a dependency on a specific version of the CDP using something similar to `org.seleniumhq.selenium:selenium-devtools-v86:4.21.0` where the version ("v86") matches the version of the chromium-based browser you're using and the version number of the artifact is the same as Selenium's.
]]></system-err>
  </testcase>
  <testcase name="testSuccessfulLogin(String)[1]" classname="com.epam.training.munara_narkozieva.tests.LoginTest" time="2.409">
    <system-out><![CDATA[19:40:21.022 [ForkJoinPool-1-worker-1] DEBUG io.github.bonigarcia.wdm.WebDriverManager -- Using WebDriverManager 5.9.0
19:40:21.028 [ForkJoinPool-1-worker-1] DEBUG io.github.bonigarcia.wdm.cache.ResolutionCache -- Resolution chrome=138 in cache (valid until 19:49:30 05/07/2025 KGT)
19:40:21.029 [ForkJoinPool-1-worker-1] DEBUG io.github.bonigarcia.wdm.cache.ResolutionCache -- Resolution chrome138=138.0.7204.92 in cache (valid until 15:54:21 06/07/2025 KGT)
19:40:21.029 [ForkJoinPool-1-worker-1] INFO io.github.bonigarcia.wdm.WebDriverManager -- Using chromedriver 138.0.7204.92 (resolved driver for Chrome 138)
19:40:21.039 [ForkJoinPool-1-worker-1] DEBUG io.github.bonigarcia.wdm.WebDriverManager -- Driver chromedriver 138.0.7204.92 found in cache
19:40:21.039 [ForkJoinPool-1-worker-1] INFO io.github.bonigarcia.wdm.WebDriverManager -- Exporting webdriver.chrome.driver as /Users/user/.cache/selenium/chromedriver/mac64/138.0.7204.92/chromedriver
]]></system-out>
    <system-err><![CDATA[Jul 05, 2025 7:40:22 PM org.openqa.selenium.devtools.CdpVersionFinder findNearestMatch
WARNING: Unable to find CDP implementation matching 138
Jul 05, 2025 7:40:22 PM org.openqa.selenium.chromium.ChromiumDriver lambda$new$5
WARNING: Unable to find version of CDP to use for 138.0.7204.92. You may need to include a dependency on a specific version of the CDP using something similar to `org.seleniumhq.selenium:selenium-devtools-v86:4.21.0` where the version ("v86") matches the version of the chromium-based browser you're using and the version number of the artifact is the same as Selenium's.
]]></system-err>
  </testcase>
  <testcase name="testSuccessfulLogin(String)[2]" classname="com.epam.training.munara_narkozieva.tests.LoginTest" time="2.312">
    <system-out><![CDATA[19:40:23.433 [ForkJoinPool-1-worker-1] DEBUG io.github.bonigarcia.wdm.WebDriverManager -- Using WebDriverManager 5.9.0
19:40:23.438 [ForkJoinPool-1-worker-1] DEBUG io.github.bonigarcia.wdm.cache.ResolutionCache -- Resolution edge=138 in cache (valid until 19:49:33 05/07/2025 KGT)
19:40:23.439 [ForkJoinPool-1-worker-1] DEBUG io.github.bonigarcia.wdm.cache.ResolutionCache -- Resolution edge138=138.0.3351.65 in cache (valid until 15:54:26 06/07/2025 KGT)
19:40:23.439 [ForkJoinPool-1-worker-1] INFO io.github.bonigarcia.wdm.WebDriverManager -- Using msedgedriver 138.0.3351.65 (resolved driver for Edge 138)
19:40:23.448 [ForkJoinPool-1-worker-1] DEBUG io.github.bonigarcia.wdm.WebDriverManager -- Driver msedgedriver 138.0.3351.65 found in cache
19:40:23.449 [ForkJoinPool-1-worker-1] INFO io.github.bonigarcia.wdm.WebDriverManager -- Exporting webdriver.edge.driver as /Users/user/.cache/selenium/msedgedriver/mac64/138.0.3351.65/msedgedriver
]]></system-out>
    <system-err><![CDATA[Jul 05, 2025 7:40:24 PM org.openqa.selenium.devtools.CdpVersionFinder findNearestMatch
WARNING: Unable to find CDP implementation matching 138
Jul 05, 2025 7:40:24 PM org.openqa.selenium.chromium.ChromiumDriver lambda$new$5
WARNING: Unable to find version of CDP to use for 138.0.3351.65. You may need to include a dependency on a specific version of the CDP using something similar to `org.seleniumhq.selenium:selenium-devtools-v86:4.21.0` where the version ("v86") matches the version of the chromium-based browser you're using and the version number of the artifact is the same as Selenium's.
]]></system-err>
  </testcase>
  <testcase name="testMissingPassword(String)[1]" classname="com.epam.training.munara_narkozieva.tests.LoginTest" time="2.622">
    <system-out><![CDATA[19:40:25.746 [ForkJoinPool-1-worker-1] DEBUG io.github.bonigarcia.wdm.WebDriverManager -- Using WebDriverManager 5.9.0
19:40:25.752 [ForkJoinPool-1-worker-1] DEBUG io.github.bonigarcia.wdm.cache.ResolutionCache -- Resolution chrome=138 in cache (valid until 19:49:30 05/07/2025 KGT)
19:40:25.753 [ForkJoinPool-1-worker-1] DEBUG io.github.bonigarcia.wdm.cache.ResolutionCache -- Resolution chrome138=138.0.7204.92 in cache (valid until 15:54:21 06/07/2025 KGT)
19:40:25.753 [ForkJoinPool-1-worker-1] INFO io.github.bonigarcia.wdm.WebDriverManager -- Using chromedriver 138.0.7204.92 (resolved driver for Chrome 138)
19:40:25.759 [ForkJoinPool-1-worker-1] DEBUG io.github.bonigarcia.wdm.WebDriverManager -- Driver chromedriver 138.0.7204.92 found in cache
19:40:25.760 [ForkJoinPool-1-worker-1] INFO io.github.bonigarcia.wdm.WebDriverManager -- Exporting webdriver.chrome.driver as /Users/user/.cache/selenium/chromedriver/mac64/138.0.7204.92/chromedriver
Error shown: [Epic sadface: Password is required]
]]></system-out>
    <system-err><![CDATA[Jul 05, 2025 7:40:26 PM org.openqa.selenium.devtools.CdpVersionFinder findNearestMatch
WARNING: Unable to find CDP implementation matching 138
Jul 05, 2025 7:40:26 PM org.openqa.selenium.chromium.ChromiumDriver lambda$new$5
WARNING: Unable to find version of CDP to use for 138.0.7204.92. You may need to include a dependency on a specific version of the CDP using something similar to `org.seleniumhq.selenium:selenium-devtools-v86:4.21.0` where the version ("v86") matches the version of the chromium-based browser you're using and the version number of the artifact is the same as Selenium's.
]]></system-err>
  </testcase>
  <testcase name="testMissingPassword(String)[2]" classname="com.epam.training.munara_narkozieva.tests.LoginTest" time="2.556">
    <system-out><![CDATA[19:40:28.370 [ForkJoinPool-1-worker-1] DEBUG io.github.bonigarcia.wdm.WebDriverManager -- Using WebDriverManager 5.9.0
19:40:28.376 [ForkJoinPool-1-worker-1] DEBUG io.github.bonigarcia.wdm.cache.ResolutionCache -- Resolution edge=138 in cache (valid until 19:49:33 05/07/2025 KGT)
19:40:28.376 [ForkJoinPool-1-worker-1] DEBUG io.github.bonigarcia.wdm.cache.ResolutionCache -- Resolution edge138=138.0.3351.65 in cache (valid until 15:54:26 06/07/2025 KGT)
19:40:28.376 [ForkJoinPool-1-worker-1] INFO io.github.bonigarcia.wdm.WebDriverManager -- Using msedgedriver 138.0.3351.65 (resolved driver for Edge 138)
19:40:28.384 [ForkJoinPool-1-worker-1] DEBUG io.github.bonigarcia.wdm.WebDriverManager -- Driver msedgedriver 138.0.3351.65 found in cache
19:40:28.385 [ForkJoinPool-1-worker-1] INFO io.github.bonigarcia.wdm.WebDriverManager -- Exporting webdriver.edge.driver as /Users/user/.cache/selenium/msedgedriver/mac64/138.0.3351.65/msedgedriver
Error shown: [Epic sadface: Password is required]
]]></system-out>
    <system-err><![CDATA[Jul 05, 2025 7:40:29 PM org.openqa.selenium.devtools.CdpVersionFinder findNearestMatch
WARNING: Unable to find CDP implementation matching 138
Jul 05, 2025 7:40:29 PM org.openqa.selenium.chromium.ChromiumDriver lambda$new$5
WARNING: Unable to find version of CDP to use for 138.0.3351.65. You may need to include a dependency on a specific version of the CDP using something similar to `org.seleniumhq.selenium:selenium-devtools-v86:4.21.0` where the version ("v86") matches the version of the chromium-based browser you're using and the version number of the artifact is the same as Selenium's.
]]></system-err>
  </testcase>
</testsuite>